<?xml version="1.0" encoding="UTF-8"?>
<testsuite xmlns:xsi="http://www.w3.org/2001/XMLSchema-instance" xsi:noNamespaceSchemaLocation="https://maven.apache.org/surefire/maven-surefire-plugin/xsd/surefire-test-report-3.0.xsd" version="3.0" name="com.example.products.categories.CategoryControllerTest" time="2.038" tests="12" errors="0" skipped="0" failures="0">
  <properties>
[...]
</properties>
  <testcase name="testCreateCategory" classname="com.example.products.categories.CategoryControllerTest" time="1.477"/>
  <testcase name="testUpdateCategory" classname="com.example.products.categories.CategoryControllerTest" time="0.265"/>
  <testcase name="testAddSubcategory" classname="com.example.products.categories.CategoryControllerTest" time="0.042"/>
  <testcase name="testGetCategoryWithSubcategories" classname="com.example.products.categories.CategoryControllerTest" time="0.037"/>
  <testcase name="testGetAllCategories" classname="com.example.products.categories.CategoryControllerTest" time="0.059"/>
  <testcase name="testGetAllSubcategories" classname="com.example.products.categories.CategoryControllerTest" time="0.022"/>
  <testcase name="testGetSubcategoriesByCategory" classname="com.example.products.categories.CategoryControllerTest" time="0.032"/>
  <testcase name="testDeleteSubcategory" classname="com.example.products.categories.CategoryControllerTest" time="0.024"/>
  <testcase name="testDeleteCategory" classname="com.example.products.categories.CategoryControllerTest" time="0.014"/>
  <testcase name="testGetNonExistentCategory" classname="com.example.products.categories.CategoryControllerTest" time="0.01"/>
  <testcase name="testGetNonExistentProduct" classname="com.example.products.categories.CategoryControllerTest" time="0.012"/>
  <testcase name="testGetAllProducts" classname="com.example.products.categories.CategoryControllerTest" time="0.017"/>
</testsuite>